Started GET "/" for ::1 at 2016-07-28 17:44:36 -0400
Processing by Rails::WelcomeController#index as HTML
  Parameters: {"internal"=>true}
  Rendering /Users/courtneyseitz/.rvm/gems/ruby-2.3.1/gems/railties-5.0.0/lib/rails/templates/rails/welcome/index.html.erb
  Rendered /Users/courtneyseitz/.rvm/gems/ruby-2.3.1/gems/railties-5.0.0/lib/rails/templates/rails/welcome/index.html.erb (4.5ms)
Completed 200 OK in 23ms (Views: 10.9ms | ActiveRecord: 0.0ms)


Started GET "/" for ::1 at 2016-07-28 17:44:43 -0400
Processing by Rails::WelcomeController#index as HTML
  Parameters: {"internal"=>true}
  Rendering /Users/courtneyseitz/.rvm/gems/ruby-2.3.1/gems/railties-5.0.0/lib/rails/templates/rails/welcome/index.html.erb
  Rendered /Users/courtneyseitz/.rvm/gems/ruby-2.3.1/gems/railties-5.0.0/lib/rails/templates/rails/welcome/index.html.erb (5.1ms)
Completed 200 OK in 10ms (Views: 7.4ms | ActiveRecord: 0.0ms)


Started GET "/" for ::1 at 2016-07-28 17:47:24 -0400
Processing by Rails::WelcomeController#index as HTML
  Parameters: {"internal"=>true}
  Rendering /Users/courtneyseitz/.rvm/gems/ruby-2.3.1/gems/railties-5.0.0/lib/rails/templates/rails/welcome/index.html.erb
  Rendered /Users/courtneyseitz/.rvm/gems/ruby-2.3.1/gems/railties-5.0.0/lib/rails/templates/rails/welcome/index.html.erb (4.6ms)
Completed 200 OK in 14ms (Views: 8.0ms | ActiveRecord: 0.0ms)


Started GET "/welcome/index" for ::1 at 2016-07-28 17:49:03 -0400
Processing by WelcomeController#index as HTML
  Rendering welcome/index.html.erb within layouts/application
  Rendered welcome/index.html.erb within layouts/application (0.4ms)
Completed 200 OK in 997ms (Views: 994.8ms | ActiveRecord: 0.0ms)


Started GET "/" for ::1 at 2016-07-28 17:49:27 -0400
Processing by WelcomeController#index as HTML
  Rendering welcome/index.html.erb within layouts/application
  Rendered welcome/index.html.erb within layouts/application (0.3ms)
Completed 200 OK in 22ms (Views: 20.1ms | ActiveRecord: 0.0ms)


Started GET "/articles/new" for ::1 at 2016-07-28 17:51:47 -0400
  
ActionController::RoutingError (uninitialized constant ArticlesController):
  
activesupport (5.0.0) lib/active_support/inflector/methods.rb:268:in `const_get'
activesupport (5.0.0) lib/active_support/inflector/methods.rb:268:in `block in constantize'
activesupport (5.0.0) lib/active_support/inflector/methods.rb:266:in `each'
activesupport (5.0.0) lib/active_support/inflector/methods.rb:266:in `inject'
activesupport (5.0.0) lib/active_support/inflector/methods.rb:266:in `constantize'
actionpack (5.0.0) lib/action_dispatch/http/request.rb:93:in `controller_class'
actionpack (5.0.0) lib/action_dispatch/routing/route_set.rb:44:in `controller'
actionpack (5.0.0) lib/action_dispatch/routing/route_set.rb:30:in `serve'
actionpack (5.0.0) lib/action_dispatch/journey/router.rb:39:in `block in serve'
actionpack (5.0.0) lib/action_dispatch/journey/router.rb:26:in `each'
actionpack (5.0.0) lib/action_dispatch/journey/router.rb:26:in `serve'
actionpack (5.0.0) lib/action_dispatch/routing/route_set.rb:725:in `call'
rack (2.0.1) lib/rack/etag.rb:25:in `call'
rack (2.0.1) lib/rack/conditional_get.rb:25:in `call'
rack (2.0.1) lib/rack/head.rb:12:in `call'
rack (2.0.1) lib/rack/session/abstract/id.rb:222:in `context'
rack (2.0.1) lib/rack/session/abstract/id.rb:216:in `call'
actionpack (5.0.0) lib/action_dispatch/middleware/cookies.rb:613:in `call'
activerecord (5.0.0) lib/active_record/migration.rb:552:in `call'
actionpack (5.0.0) lib/action_dispatch/middleware/callbacks.rb:38:in `block in call'
activesupport (5.0.0) lib/active_support/callbacks.rb:97:in `__run_callbacks__'
activesupport (5.0.0) lib/active_support/callbacks.rb:750:in `_run_call_callbacks'
activesupport (5.0.0) lib/active_support/callbacks.rb:90:in `run_callbacks'
actionpack (5.0.0) lib/action_dispatch/middleware/callbacks.rb:36:in `call'
actionpack (5.0.0) lib/action_dispatch/middleware/executor.rb:12:in `call'
actionpack (5.0.0) lib/action_dispatch/middleware/remote_ip.rb:79:in `call'
actionpack (5.0.0) lib/action_dispatch/middleware/debug_exceptions.rb:49:in `call'
web-console (3.3.1) lib/web_console/middleware.rb:131:in `call_app'
web-console (3.3.1) lib/web_console/middleware.rb:28:in `block in call'
web-console (3.3.1) lib/web_console/middleware.rb:18:in `catch'
web-console (3.3.1) lib/web_console/middleware.rb:18:in `call'
actionpack (5.0.0) lib/action_dispatch/middleware/show_exceptions.rb:31:in `call'
railties (5.0.0) lib/rails/rack/logger.rb:36:in `call_app'
railties (5.0.0) lib/rails/rack/logger.rb:24:in `block in call'
activesupport (5.0.0) lib/active_support/tagged_logging.rb:70:in `block in tagged'
activesupport (5.0.0) lib/active_support/tagged_logging.rb:26:in `tagged'
activesupport (5.0.0) lib/active_support/tagged_logging.rb:70:in `tagged'
railties (5.0.0) lib/rails/rack/logger.rb:24:in `call'
sprockets-rails (3.1.1) lib/sprockets/rails/quiet_assets.rb:13:in `call'
actionpack (5.0.0) lib/action_dispatch/middleware/request_id.rb:24:in `call'
rack (2.0.1) lib/rack/method_override.rb:22:in `call'
rack (2.0.1) lib/rack/runtime.rb:22:in `call'
activesupport (5.0.0) lib/active_support/cache/strategy/local_cache_middleware.rb:28:in `call'
actionpack (5.0.0) lib/action_dispatch/middleware/executor.rb:12:in `call'
actionpack (5.0.0) lib/action_dispatch/middleware/static.rb:136:in `call'
rack (2.0.1) lib/rack/sendfile.rb:111:in `call'
railties (5.0.0) lib/rails/engine.rb:522:in `call'
puma (3.6.0) lib/puma/configuration.rb:225:in `call'
puma (3.6.0) lib/puma/server.rb:578:in `handle_request'
puma (3.6.0) lib/puma/server.rb:415:in `process_client'
puma (3.6.0) lib/puma/server.rb:275:in `block in run'
puma (3.6.0) lib/puma/thread_pool.rb:116:in `block in spawn_thread'
  Rendering /Users/courtneyseitz/.rvm/gems/ruby-2.3.1/gems/actionpack-5.0.0/lib/action_dispatch/middleware/templates/rescues/routing_error.html.erb within rescues/layout
  Rendering /Users/courtneyseitz/.rvm/gems/ruby-2.3.1/gems/actionpack-5.0.0/lib/action_dispatch/middleware/templates/rescues/_trace.html.erb
  Rendered /Users/courtneyseitz/.rvm/gems/ruby-2.3.1/gems/actionpack-5.0.0/lib/action_dispatch/middleware/templates/rescues/_trace.html.erb (3.8ms)
  Rendered collection of /Users/courtneyseitz/.rvm/gems/ruby-2.3.1/gems/actionpack-5.0.0/lib/action_dispatch/middleware/templates/routes/_route.html.erb [9 times] (6.5ms)
  Rendered /Users/courtneyseitz/.rvm/gems/ruby-2.3.1/gems/actionpack-5.0.0/lib/action_dispatch/middleware/templates/routes/_table.html.erb (16.8ms)
  Rendering /Users/courtneyseitz/.rvm/gems/ruby-2.3.1/gems/actionpack-5.0.0/lib/action_dispatch/middleware/templates/rescues/_request_and_response.html.erb
  Rendered /Users/courtneyseitz/.rvm/gems/ruby-2.3.1/gems/actionpack-5.0.0/lib/action_dispatch/middleware/templates/rescues/_request_and_response.html.erb (3.1ms)
  Rendered /Users/courtneyseitz/.rvm/gems/ruby-2.3.1/gems/actionpack-5.0.0/lib/action_dispatch/middleware/templates/rescues/routing_error.html.erb within rescues/layout (111.6ms)
Started GET "/articles/new" for ::1 at 2016-07-28 17:55:30 -0400
Processing by ArticlesController#new as HTML
  Rendering articles/new.html.erb within layouts/application
  Rendered articles/new.html.erb within layouts/application (0.7ms)
Completed 200 OK in 125ms (Views: 122.1ms | ActiveRecord: 0.0ms)


Started GET "/articles/new" for ::1 at 2016-07-28 17:55:55 -0400
Processing by ArticlesController#new as HTML
  Rendering articles/new.html.erb within layouts/application
  Rendered articles/new.html.erb within layouts/application (0.5ms)
Completed 200 OK in 22ms (Views: 20.5ms | ActiveRecord: 0.0ms)


Started GET "/articles/new" for ::1 at 2016-07-28 17:59:20 -0400
Processing by ArticlesController#new as HTML
  Rendering articles/new.html.erb within layouts/application
  Rendered articles/new.html.erb within layouts/application (1.5ms)
Completed 500 Internal Server Error in 8ms (ActiveRecord: 0.0ms)


  
SyntaxError (/Users/courtneyseitz/wdi/blog/app/views/articles/new.html.erb:3: syntax error, unexpected keyword_do_block, expecting &. or :: or '[' or '.'
...r.append=  form for :article do |f| @output_buffer.safe_appe...
...                               ^
/Users/courtneyseitz/wdi/blog/app/views/articles/new.html.erb:19: syntax error, unexpected keyword_ensure, expecting end-of-input):
  
app/views/articles/new.html.erb:3: syntax error, unexpected keyword_do_block, expecting &. or :: or '[' or '.'
app/views/articles/new.html.erb:19: syntax error, unexpected keyword_ensure, expecting end-of-input
  Rendering /Users/courtneyseitz/.rvm/gems/ruby-2.3.1/gems/actionpack-5.0.0/lib/action_dispatch/middleware/templates/rescues/diagnostics.html.erb within rescues/layout
  Rendering /Users/courtneyseitz/.rvm/gems/ruby-2.3.1/gems/actionpack-5.0.0/lib/action_dispatch/middleware/templates/rescues/_source.html.erb
  Rendered /Users/courtneyseitz/.rvm/gems/ruby-2.3.1/gems/actionpack-5.0.0/lib/action_dispatch/middleware/templates/rescues/_source.html.erb (5.6ms)
  Rendering /Users/courtneyseitz/.rvm/gems/ruby-2.3.1/gems/actionpack-5.0.0/lib/action_dispatch/middleware/templates/rescues/_trace.html.erb
  Rendered /Users/courtneyseitz/.rvm/gems/ruby-2.3.1/gems/actionpack-5.0.0/lib/action_dispatch/middleware/templates/rescues/_trace.html.erb (2.8ms)
  Rendering /Users/courtneyseitz/.rvm/gems/ruby-2.3.1/gems/actionpack-5.0.0/lib/action_dispatch/middleware/templates/rescues/_request_and_response.html.erb
  Rendered /Users/courtneyseitz/.rvm/gems/ruby-2.3.1/gems/actionpack-5.0.0/lib/action_dispatch/middleware/templates/rescues/_request_and_response.html.erb (0.9ms)
  Rendered /Users/courtneyseitz/.rvm/gems/ruby-2.3.1/gems/actionpack-5.0.0/lib/action_dispatch/middleware/templates/rescues/diagnostics.html.erb within rescues/layout (62.3ms)
Started GET "/articles/new" for ::1 at 2016-07-28 17:59:42 -0400
Processing by ArticlesController#new as HTML
  Rendering articles/new.html.erb within layouts/application
  Rendered articles/new.html.erb within layouts/application (17.5ms)
Completed 200 OK in 82ms (Views: 79.6ms | ActiveRecord: 0.0ms)


Started GET "/articles/new" for ::1 at 2016-07-28 18:01:22 -0400
Processing by ArticlesController#new as HTML
  Rendering articles/new.html.erb within layouts/application
  Rendered articles/new.html.erb within layouts/application (1.9ms)
Completed 200 OK in 41ms (Views: 38.3ms | ActiveRecord: 0.0ms)


Started POST "/articles" for ::1 at 2016-07-28 18:01:24 -0400
  
AbstractController::ActionNotFound (The action 'create' could not be found for ArticlesController):
  
actionpack (5.0.0) lib/abstract_controller/base.rb:121:in `process'
actionview (5.0.0) lib/action_view/rendering.rb:30:in `process'
actionpack (5.0.0) lib/action_controller/metal.rb:190:in `dispatch'
actionpack (5.0.0) lib/action_controller/metal.rb:262:in `dispatch'
actionpack (5.0.0) lib/action_dispatch/routing/route_set.rb:50:in `dispatch'
actionpack (5.0.0) lib/action_dispatch/routing/route_set.rb:32:in `serve'
actionpack (5.0.0) lib/action_dispatch/journey/router.rb:39:in `block in serve'
actionpack (5.0.0) lib/action_dispatch/journey/router.rb:26:in `each'
actionpack (5.0.0) lib/action_dispatch/journey/router.rb:26:in `serve'
actionpack (5.0.0) lib/action_dispatch/routing/route_set.rb:725:in `call'
rack (2.0.1) lib/rack/etag.rb:25:in `call'
rack (2.0.1) lib/rack/conditional_get.rb:38:in `call'
rack (2.0.1) lib/rack/head.rb:12:in `call'
rack (2.0.1) lib/rack/session/abstract/id.rb:222:in `context'
rack (2.0.1) lib/rack/session/abstract/id.rb:216:in `call'
actionpack (5.0.0) lib/action_dispatch/middleware/cookies.rb:613:in `call'
activerecord (5.0.0) lib/active_record/migration.rb:552:in `call'
actionpack (5.0.0) lib/action_dispatch/middleware/callbacks.rb:38:in `block in call'
activesupport (5.0.0) lib/active_support/callbacks.rb:97:in `__run_callbacks__'
activesupport (5.0.0) lib/active_support/callbacks.rb:750:in `_run_call_callbacks'
activesupport (5.0.0) lib/active_support/callbacks.rb:90:in `run_callbacks'
actionpack (5.0.0) lib/action_dispatch/middleware/callbacks.rb:36:in `call'
actionpack (5.0.0) lib/action_dispatch/middleware/executor.rb:12:in `call'
actionpack (5.0.0) lib/action_dispatch/middleware/remote_ip.rb:79:in `call'
actionpack (5.0.0) lib/action_dispatch/middleware/debug_exceptions.rb:49:in `call'
web-console (3.3.1) lib/web_console/middleware.rb:131:in `call_app'
web-console (3.3.1) lib/web_console/middleware.rb:28:in `block in call'
web-console (3.3.1) lib/web_console/middleware.rb:18:in `catch'
web-console (3.3.1) lib/web_console/middleware.rb:18:in `call'
actionpack (5.0.0) lib/action_dispatch/middleware/show_exceptions.rb:31:in `call'
railties (5.0.0) lib/rails/rack/logger.rb:36:in `call_app'
railties (5.0.0) lib/rails/rack/logger.rb:24:in `block in call'
activesupport (5.0.0) lib/active_support/tagged_logging.rb:70:in `block in tagged'
activesupport (5.0.0) lib/active_support/tagged_logging.rb:26:in `tagged'
activesupport (5.0.0) lib/active_support/tagged_logging.rb:70:in `tagged'
railties (5.0.0) lib/rails/rack/logger.rb:24:in `call'
sprockets-rails (3.1.1) lib/sprockets/rails/quiet_assets.rb:13:in `call'
actionpack (5.0.0) lib/action_dispatch/middleware/request_id.rb:24:in `call'
rack (2.0.1) lib/rack/method_override.rb:22:in `call'
rack (2.0.1) lib/rack/runtime.rb:22:in `call'
activesupport (5.0.0) lib/active_support/cache/strategy/local_cache_middleware.rb:28:in `call'
actionpack (5.0.0) lib/action_dispatch/middleware/executor.rb:12:in `call'
actionpack (5.0.0) lib/action_dispatch/middleware/static.rb:136:in `call'
rack (2.0.1) lib/rack/sendfile.rb:111:in `call'
railties (5.0.0) lib/rails/engine.rb:522:in `call'
puma (3.6.0) lib/puma/configuration.rb:225:in `call'
puma (3.6.0) lib/puma/server.rb:578:in `handle_request'
puma (3.6.0) lib/puma/server.rb:415:in `process_client'
puma (3.6.0) lib/puma/server.rb:275:in `block in run'
puma (3.6.0) lib/puma/thread_pool.rb:116:in `block in spawn_thread'
  Rendering /Users/courtneyseitz/.rvm/gems/ruby-2.3.1/gems/actionpack-5.0.0/lib/action_dispatch/middleware/templates/rescues/unknown_action.html.erb within rescues/layout
  Rendered /Users/courtneyseitz/.rvm/gems/ruby-2.3.1/gems/actionpack-5.0.0/lib/action_dispatch/middleware/templates/rescues/unknown_action.html.erb within rescues/layout (0.5ms)
Started GET "/articles/new" for ::1 at 2016-07-28 18:02:46 -0400
Processing by ArticlesController#new as HTML
  Rendering articles/new.html.erb within layouts/application
  Rendered articles/new.html.erb within layouts/application (1.8ms)
Completed 200 OK in 33ms (Views: 31.6ms | ActiveRecord: 0.0ms)


Started POST "/articles" for ::1 at 2016-07-28 18:02:49 -0400
Processing by ArticlesController#create as HTML
  Parameters: {"utf8"=>"✓", "authenticity_token"=>"Kp/abt7vhrEyDcvTiLOzOHnbfxLarFe4XJXL2QGhBQXLfXM+bCmDBzZfcxC+B7xadPOOFxhXPHT6DS1UW4vPFQ==", "article"=>{"title"=>"", "text"=>""}, "commit"=>"Save Article"}
  Rendering text template
  Rendered text template (0.0ms)
Completed 200 OK in 21ms (Views: 19.6ms | ActiveRecord: 0.0ms)


Started POST "/articles" for ::1 at 2016-07-28 18:03:16 -0400
Processing by ArticlesController#create as HTML
  Parameters: {"utf8"=>"✓", "authenticity_token"=>"Kp/abt7vhrEyDcvTiLOzOHnbfxLarFe4XJXL2QGhBQXLfXM+bCmDBzZfcxC+B7xadPOOFxhXPHT6DS1UW4vPFQ==", "article"=>{"title"=>"", "text"=>""}, "commit"=>"Save Article"}
  Rendering text template
  Rendered text template (0.0ms)
Completed 200 OK in 1ms (Views: 0.4ms | ActiveRecord: 0.0ms)


  [1m[35m (1.0ms)[0m  [1m[35mCREATE TABLE "schema_migrations" ("version" varchar NOT NULL PRIMARY KEY)[0m
  [1m[35m (0.9ms)[0m  [1m[35mCREATE TABLE "ar_internal_metadata" ("key" varchar NOT NULL PRIMARY KEY, "value" varchar, "created_at" datetime NOT NULL, "updated_at" datetime NOT NULL)[0m
  [1m[36mActiveRecord::SchemaMigration Load (0.1ms)[0m  [1m[34mSELECT "schema_migrations".* FROM "schema_migrations"[0m
Migrating to CreateArticles (20160728220407)
  [1m[35m (0.1ms)[0m  [1m[36mbegin transaction[0m
  [1m[35m (0.4ms)[0m  [1m[35mCREATE TABLE "articles" ("id" INTEGER PRIMARY KEY AUTOINCREMENT NOT NULL, "title" varchar, "text" text, "created_at" datetime NOT NULL, "updated_at" datetime NOT NULL)[0m
  [1m[35mSQL (0.2ms)[0m  [1m[32mINSERT INTO "schema_migrations" ("version") VALUES (?)[0m  [["version", "20160728220407"]]
  [1m[35m (2.5ms)[0m  [1m[36mcommit transaction[0m
  [1m[36mActiveRecord::InternalMetadata Load (0.2ms)[0m  [1m[34mSELECT  "ar_internal_metadata".* FROM "ar_internal_metadata" WHERE "ar_internal_metadata"."key" = ? LIMIT ?[0m  [["key", :environment], ["LIMIT", 1]]
  [1m[35m (0.1ms)[0m  [1m[36mbegin transaction[0m
  [1m[35mSQL (0.3ms)[0m  [1m[32mINSERT INTO "ar_internal_metadata" ("key", "value", "created_at", "updated_at") VALUES (?, ?, ?, ?)[0m  [["key", "environment"], ["value", "development"], ["created_at", 2016-07-28 22:05:15 UTC], ["updated_at", 2016-07-28 22:05:15 UTC]]
  [1m[35m (0.8ms)[0m  [1m[36mcommit transaction[0m
  [1m[36mActiveRecord::SchemaMigration Load (0.1ms)[0m  [1m[34mSELECT "schema_migrations".* FROM "schema_migrations"[0m
Started GET "/articles/new" for ::1 at 2016-07-28 18:07:55 -0400
  [1m[36mActiveRecord::SchemaMigration Load (0.2ms)[0m  [1m[34mSELECT "schema_migrations".* FROM "schema_migrations"[0m
Processing by ArticlesController#new as HTML
  Rendering articles/new.html.erb within layouts/application
  Rendered articles/new.html.erb within layouts/application (3.6ms)
Completed 200 OK in 41ms (Views: 38.5ms | ActiveRecord: 0.0ms)


Started GET "/articles/new" for ::1 at 2016-07-28 18:08:05 -0400
Processing by ArticlesController#new as HTML
  Rendering articles/new.html.erb within layouts/application
  Rendered articles/new.html.erb within layouts/application (2.9ms)
Completed 200 OK in 58ms (Views: 56.5ms | ActiveRecord: 0.0ms)


Started POST "/articles" for ::1 at 2016-07-28 18:08:08 -0400
Processing by ArticlesController#create as HTML
  Parameters: {"utf8"=>"✓", "authenticity_token"=>"GvY26YO69qok4RlWKRySzx/fBZ4WnB8riln9htuyGAz7FJ+5MXzzHCCzoZUfqJ2tEvf0m9RndOcswRsLgZjSHA==", "article"=>{"title"=>"", "text"=>""}, "commit"=>"Save Article"}
Completed 500 Internal Server Error in 12ms (ActiveRecord: 0.5ms)


  
ActiveModel::ForbiddenAttributesError (ActiveModel::ForbiddenAttributesError):
  
app/controllers/articles_controller.rb:6:in `create'
  Rendering /Users/courtneyseitz/.rvm/gems/ruby-2.3.1/gems/actionpack-5.0.0/lib/action_dispatch/middleware/templates/rescues/diagnostics.html.erb within rescues/layout
  Rendering /Users/courtneyseitz/.rvm/gems/ruby-2.3.1/gems/actionpack-5.0.0/lib/action_dispatch/middleware/templates/rescues/_source.html.erb
  Rendered /Users/courtneyseitz/.rvm/gems/ruby-2.3.1/gems/actionpack-5.0.0/lib/action_dispatch/middleware/templates/rescues/_source.html.erb (4.0ms)
  Rendering /Users/courtneyseitz/.rvm/gems/ruby-2.3.1/gems/actionpack-5.0.0/lib/action_dispatch/middleware/templates/rescues/_trace.html.erb
  Rendered /Users/courtneyseitz/.rvm/gems/ruby-2.3.1/gems/actionpack-5.0.0/lib/action_dispatch/middleware/templates/rescues/_trace.html.erb (2.0ms)
  Rendering /Users/courtneyseitz/.rvm/gems/ruby-2.3.1/gems/actionpack-5.0.0/lib/action_dispatch/middleware/templates/rescues/_request_and_response.html.erb
  Rendered /Users/courtneyseitz/.rvm/gems/ruby-2.3.1/gems/actionpack-5.0.0/lib/action_dispatch/middleware/templates/rescues/_request_and_response.html.erb (1.3ms)
  Rendered /Users/courtneyseitz/.rvm/gems/ruby-2.3.1/gems/actionpack-5.0.0/lib/action_dispatch/middleware/templates/rescues/diagnostics.html.erb within rescues/layout (66.9ms)
Started GET "/articles/new" for ::1 at 2016-07-28 18:15:48 -0400
Processing by ArticlesController#new as HTML
  Rendering articles/new.html.erb within layouts/application
  Rendered articles/new.html.erb within layouts/application (10.8ms)
Completed 200 OK in 69ms (Views: 66.0ms | ActiveRecord: 0.0ms)


Started GET "/articles/new" for ::1 at 2016-07-28 18:15:51 -0400
Processing by ArticlesController#new as HTML
  Rendering articles/new.html.erb within layouts/application
  Rendered articles/new.html.erb within layouts/application (2.4ms)
Completed 200 OK in 35ms (Views: 32.9ms | ActiveRecord: 0.0ms)


Started POST "/articles" for ::1 at 2016-07-28 18:15:53 -0400
Processing by ArticlesController#create as HTML
  Parameters: {"utf8"=>"✓", "authenticity_token"=>"pW5cKkLjBEdGBbu+PdMwuu313EzdVyJfkpivnTf4neREjPV68CUB8UJXA30LZz/Y4N0tSR+sSZM0AEkQbdJX9A==", "article"=>{"title"=>"", "text"=>""}, "commit"=>"Save Article"}
  [1m[35m (0.1ms)[0m  [1m[36mbegin transaction[0m
  [1m[35mSQL (1.3ms)[0m  [1m[32mINSERT INTO "articles" ("title", "text", "created_at", "updated_at") VALUES (?, ?, ?, ?)[0m  [["title", ""], ["text", ""], ["created_at", 2016-07-28 22:15:53 UTC], ["updated_at", 2016-07-28 22:15:53 UTC]]
  [1m[35m (0.8ms)[0m  [1m[36mcommit transaction[0m
Redirected to http://localhost:3000/articles/1
Completed 302 Found in 83ms (ActiveRecord: 3.4ms)


Started GET "/articles/1" for ::1 at 2016-07-28 18:15:53 -0400
Processing by ArticlesController#show as HTML
  Parameters: {"id"=>"1"}
  [1m[36mArticle Load (0.3ms)[0m  [1m[34mSELECT  "articles".* FROM "articles" WHERE "articles"."id" = ? LIMIT ?[0m  [["id", 1], ["LIMIT", 1]]
  Rendering articles/show.html.erb within layouts/application
  Rendered articles/show.html.erb within layouts/application (0.4ms)
Completed 200 OK in 32ms (Views: 21.9ms | ActiveRecord: 0.3ms)


Started GET "/articles" for ::1 at 2016-07-28 18:21:56 -0400
Processing by ArticlesController#index as HTML
  Rendering articles/index.html.erb within layouts/application
  [1m[36mArticle Load (0.5ms)[0m  [1m[34mSELECT "articles".* FROM "articles"[0m
  Rendered articles/index.html.erb within layouts/application (15.7ms)
Completed 200 OK in 82ms (Views: 72.3ms | ActiveRecord: 1.4ms)


Started GET "/articles/1" for ::1 at 2016-07-28 18:22:02 -0400
Processing by ArticlesController#show as HTML
  Parameters: {"id"=>"1"}
  [1m[36mArticle Load (0.3ms)[0m  [1m[34mSELECT  "articles".* FROM "articles" WHERE "articles"."id" = ? LIMIT ?[0m  [["id", 1], ["LIMIT", 1]]
  Rendering articles/show.html.erb within layouts/application
  Rendered articles/show.html.erb within layouts/application (0.8ms)
Completed 200 OK in 33ms (Views: 26.3ms | ActiveRecord: 0.3ms)


Started GET "/articles/new" for ::1 at 2016-07-28 18:32:39 -0400
  
SyntaxError (/Users/courtneyseitz/wdi/blog/app/controllers/articles_controller.rb:27: syntax error, unexpected end-of-input, expecting keyword_end):
  
app/controllers/articles_controller.rb:27: syntax error, unexpected end-of-input, expecting keyword_end
  Rendering /Users/courtneyseitz/.rvm/gems/ruby-2.3.1/gems/actionpack-5.0.0/lib/action_dispatch/middleware/templates/rescues/diagnostics.html.erb within rescues/layout
  Rendering /Users/courtneyseitz/.rvm/gems/ruby-2.3.1/gems/actionpack-5.0.0/lib/action_dispatch/middleware/templates/rescues/_source.html.erb
  Rendered /Users/courtneyseitz/.rvm/gems/ruby-2.3.1/gems/actionpack-5.0.0/lib/action_dispatch/middleware/templates/rescues/_source.html.erb (5.5ms)
  Rendering /Users/courtneyseitz/.rvm/gems/ruby-2.3.1/gems/actionpack-5.0.0/lib/action_dispatch/middleware/templates/rescues/_trace.html.erb
  Rendered /Users/courtneyseitz/.rvm/gems/ruby-2.3.1/gems/actionpack-5.0.0/lib/action_dispatch/middleware/templates/rescues/_trace.html.erb (2.9ms)
  Rendering /Users/courtneyseitz/.rvm/gems/ruby-2.3.1/gems/actionpack-5.0.0/lib/action_dispatch/middleware/templates/rescues/_request_and_response.html.erb
  Rendered /Users/courtneyseitz/.rvm/gems/ruby-2.3.1/gems/actionpack-5.0.0/lib/action_dispatch/middleware/templates/rescues/_request_and_response.html.erb (2.2ms)
  Rendered /Users/courtneyseitz/.rvm/gems/ruby-2.3.1/gems/actionpack-5.0.0/lib/action_dispatch/middleware/templates/rescues/diagnostics.html.erb within rescues/layout (65.7ms)
Started GET "/articles/new" for ::1 at 2016-07-28 18:34:43 -0400
  
SyntaxError (/Users/courtneyseitz/wdi/blog/app/controllers/articles_controller.rb:27: syntax error, unexpected end-of-input, expecting keyword_end):
  
app/controllers/articles_controller.rb:27: syntax error, unexpected end-of-input, expecting keyword_end
  Rendering /Users/courtneyseitz/.rvm/gems/ruby-2.3.1/gems/actionpack-5.0.0/lib/action_dispatch/middleware/templates/rescues/diagnostics.html.erb within rescues/layout
  Rendering /Users/courtneyseitz/.rvm/gems/ruby-2.3.1/gems/actionpack-5.0.0/lib/action_dispatch/middleware/templates/rescues/_source.html.erb
  Rendered /Users/courtneyseitz/.rvm/gems/ruby-2.3.1/gems/actionpack-5.0.0/lib/action_dispatch/middleware/templates/rescues/_source.html.erb (4.1ms)
  Rendering /Users/courtneyseitz/.rvm/gems/ruby-2.3.1/gems/actionpack-5.0.0/lib/action_dispatch/middleware/templates/rescues/_trace.html.erb
  Rendered /Users/courtneyseitz/.rvm/gems/ruby-2.3.1/gems/actionpack-5.0.0/lib/action_dispatch/middleware/templates/rescues/_trace.html.erb (1.9ms)
  Rendering /Users/courtneyseitz/.rvm/gems/ruby-2.3.1/gems/actionpack-5.0.0/lib/action_dispatch/middleware/templates/rescues/_request_and_response.html.erb
  Rendered /Users/courtneyseitz/.rvm/gems/ruby-2.3.1/gems/actionpack-5.0.0/lib/action_dispatch/middleware/templates/rescues/_request_and_response.html.erb (1.8ms)
  Rendered /Users/courtneyseitz/.rvm/gems/ruby-2.3.1/gems/actionpack-5.0.0/lib/action_dispatch/middleware/templates/rescues/diagnostics.html.erb within rescues/layout (63.4ms)
Started GET "/articles/new" for ::1 at 2016-07-28 18:34:59 -0400
Processing by ArticlesController#new as HTML
  Rendering articles/new.html.erb within layouts/application
  Rendered articles/new.html.erb within layouts/application (3.5ms)
Completed 200 OK in 54ms (Views: 39.3ms | ActiveRecord: 0.7ms)


Started GET "/articles/new" for ::1 at 2016-07-28 18:36:54 -0400
Processing by ArticlesController#new as HTML
  Rendering articles/new.html.erb within layouts/application
  Rendered articles/new.html.erb within layouts/application (15.3ms)
Completed 200 OK in 118ms (Views: 89.7ms | ActiveRecord: 0.0ms)


Started POST "/articles" for ::1 at 2016-07-28 18:36:57 -0400
Processing by ArticlesController#create as HTML
  Parameters: {"utf8"=>"✓", "authenticity_token"=>"eCmc0dy6FzNiIWiHh2TEpuW+/VK7lQhF61uZC+G62jKZyzWBbnwShWZz0ESx0MvE6JYMV3luY4lNw3+Gu5AQIg==", "article"=>{"title"=>"", "text"=>""}, "commit"=>"Save Article"}
  [1m[35m (0.9ms)[0m  [1m[36mbegin transaction[0m
  [1m[35m (0.3ms)[0m  [1m[31mrollback transaction[0m
  Rendering articles/new.html.erb within layouts/application
  Rendered articles/new.html.erb within layouts/application (4.8ms)
Completed 200 OK in 53ms (Views: 41.5ms | ActiveRecord: 1.2ms)


Started GET "/" for ::1 at 2016-07-28 18:55:11 -0400
Processing by WelcomeController#index as HTML
  Rendering welcome/index.html.erb within layouts/application
  Rendered welcome/index.html.erb within layouts/application (2.6ms)
Completed 200 OK in 112ms (Views: 107.6ms | ActiveRecord: 0.0ms)


Started GET "/articles" for ::1 at 2016-07-28 18:55:15 -0400
Processing by ArticlesController#index as HTML
  Rendering articles/index.html.erb within layouts/application
  [1m[36mArticle Load (0.7ms)[0m  [1m[34mSELECT "articles".* FROM "articles"[0m
  Rendered articles/index.html.erb within layouts/application (13.8ms)
Completed 200 OK in 55ms (Views: 36.1ms | ActiveRecord: 1.3ms)


Started GET "/articles/new" for ::1 at 2016-07-28 18:55:16 -0400
Processing by ArticlesController#new as HTML
  Rendering articles/new.html.erb within layouts/application
  Rendered articles/_form.html.erb (5.1ms)
  Rendered articles/new.html.erb within layouts/application (7.6ms)
Completed 200 OK in 44ms (Views: 39.9ms | ActiveRecord: 0.0ms)


